0 info it worked if it ends with ok
1 verbose cli [ '/usr/bin/node',
1 verbose cli   '/usr/bin/npm',
1 verbose cli   'install',
1 verbose cli   '--save',
1 verbose cli   'socketio' ]
2 info using npm@1.4.28
3 info using node@v0.10.37
4 verbose node symlink /usr/bin/node
5 warn package.json Icter@1.0.0 No repository field.
6 warn package.json Icter@1.0.0 No README data
7 verbose readDependencies using package.json deps
8 verbose cache add [ 'socketio', null ]
9 verbose cache add name=undefined spec="socketio" args=["socketio",null]
10 verbose parsed url { protocol: null,
10 verbose parsed url   slashes: null,
10 verbose parsed url   auth: null,
10 verbose parsed url   host: null,
10 verbose parsed url   port: null,
10 verbose parsed url   hostname: null,
10 verbose parsed url   hash: null,
10 verbose parsed url   search: null,
10 verbose parsed url   query: null,
10 verbose parsed url   pathname: 'socketio',
10 verbose parsed url   path: 'socketio',
10 verbose parsed url   href: 'socketio' }
11 silly lockFile be461470-socketio socketio
12 verbose lock socketio /home/joel/.npm/be461470-socketio.lock
13 silly lockFile be461470-socketio socketio
14 silly lockFile be461470-socketio socketio
15 verbose addNamed [ 'socketio', '' ]
16 verbose addNamed [ null, '*' ]
17 silly lockFile fa004f70-socketio socketio@
18 verbose lock socketio@ /home/joel/.npm/fa004f70-socketio.lock
19 silly addNameRange { name: 'socketio', range: '*', hasData: false }
20 verbose request where is /socketio
21 verbose request registry https://registry.npmjs.org/
22 verbose request id 16f70931b1ba1474
23 verbose url raw /socketio
24 verbose url resolving [ 'https://registry.npmjs.org/', './socketio' ]
25 verbose url resolved https://registry.npmjs.org/socketio
26 verbose request where is https://registry.npmjs.org/socketio
27 info trying registry request attempt 1 at 16:39:50
28 http GET https://registry.npmjs.org/socketio
29 http 404 https://registry.npmjs.org/socketio
30 silly registry.get cb [ 404,
30 silly registry.get   { date: 'Tue, 31 Mar 2015 19:39:51 GMT',
30 silly registry.get     server: 'CouchDB/1.5.0 (Erlang OTP/R16B03)',
30 silly registry.get     etag: '"5RGC7F7X0Z6GAGOGHVGFIPIJR"',
30 silly registry.get     'content-type': 'application/json',
30 silly registry.get     'cache-control': 'max-age=0',
30 silly registry.get     'content-length': '436',
30 silly registry.get     'accept-ranges': 'bytes',
30 silly registry.get     via: '1.1 varnish',
30 silly registry.get     age: '0',
30 silly registry.get     'x-served-by': 'cache-iad2143-IAD',
30 silly registry.get     'x-cache': 'MISS',
30 silly registry.get     'x-cache-hits': '0',
30 silly registry.get     'x-timer': 'S1427830791.014054,VS0,VE17',
30 silly registry.get     vary: 'Accept',
30 silly registry.get     'keep-alive': 'timeout=10, max=50',
30 silly registry.get     connection: 'Keep-Alive' } ]
31 silly lockFile fa004f70-socketio socketio@
32 silly lockFile fa004f70-socketio socketio@
33 error 404 Not Found
33 error 404
33 error 404 'socketio' is not in the npm registry.
33 error 404 You should bug the author to publish it
33 error 404 It was specified as a dependency of 'Icter'
33 error 404
33 error 404 Note that you can also install from a
33 error 404 tarball, folder, or http url, or git url.
34 error System Linux 3.16.0-33-generic
35 error command "/usr/bin/node" "/usr/bin/npm" "install" "--save" "socketio"
36 error cwd /home/joel/node-js/Practica/Casa/Icter
37 error node -v v0.10.37
38 error npm -v 1.4.28
39 error code E404
40 verbose exit [ 1, true ]
